<?xml version="1.0" encoding="utf-8"?><testsuites name="pytest tests"><testsuite name="pytest" errors="0" failures="0" skipped="0" tests="15" time="6.212" timestamp="2026-08-27T22:01:30.408152+00:00" hostname="agent-env-91444faf-dec0-4a73-9185-861c041db719"><testcase classname="backend.tests.test_citas_billing.TestCitasConfig" name="test_citas_config_public" time="0.332" /><testcase classname="backend.tests.test_citas_billing.TestCitasConfig" name="test_available_slots_public" time="0.123" /><testcase classname="backend.tests.test_citas_billing.TestCitasConfig" name="test_available_slots_chile" time="0.156" /><testcase classname="backend.tests.test_citas_billing.TestCitasAdmin" name="test_list_appointments_unauthorized" time="0.159" /><testcase classname="backend.tests.test_citas_billing.TestCitasAdmin" name="test_list_appointments_admin" time="0.503" /><testcase classname="backend.tests.test_citas_billing.TestCitasAdmin" name="test_unconfirmed_count" time="0.132" /><testcase classname="backend.tests.test_citas_billing.TestCitasAdmin" name="test_update_config_admin" time="0.396" /><testcase classname="backend.tests.test_citas_billing.TestCitasAdmin" name="test_update_config_unauthorized" time="0.139" /><testcase classname="backend.tests.test_citas_billing.TestCitasBook" name="test_book_requires_terms" time="0.121" /><testcase classname="backend.tests.test_citas_billing.TestCitasBook" name="test_book_invalid_location" time="0.283" /><testcase classname="backend.tests.test_citas_billing.TestCitasBook" name="test_book_creates_stripe_session" time="0.999" /><testcase classname="backend.tests.test_citas_billing.TestBilling" name="test_billing_list_unauthorized" time="0.149" /><testcase classname="backend.tests.test_citas_billing.TestBilling" name="test_billing_list_admin" time="0.153" /><testcase classname="backend.tests.test_citas_billing.TestBilling" name="test_billing_summary" time="0.146" /><testcase classname="backend.tests.test_citas_billing.TestBilling" name="test_billing_crud_flow" time="2.330" /></testsuite></testsuites>