<?xml version="1.0" encoding="utf-8"?><testsuites name="pytest tests"><testsuite name="pytest" errors="0" failures="0" skipped="1" tests="6" time="4.318" timestamp="2026-08-27T20:36:42.067202+00:00" hostname="agent-env-91444faf-dec0-4a73-9185-861c041db719"><testcase classname="backend.tests.test_inbox_and_tramite.TestInbox" name="test_inbox_unauthorized" time="0.421" /><testcase classname="backend.tests.test_inbox_and_tramite.TestInbox" name="test_inbox_returns_emails" time="1.534" /><testcase classname="backend.tests.test_inbox_and_tramite.TestInbox" name="test_inbox_attachment_download" time="1.300"><skipped type="pytest.skip" message="No email with attachments to test download">/app/backend/tests/test_inbox_and_tramite.py:61: No email with attachments to test download</skipped></testcase><testcase classname="backend.tests.test_inbox_and_tramite.TestCompanyTramiteRequirements" name="test_unauthorized" time="0.190" /><testcase classname="backend.tests.test_inbox_and_tramite.TestCompanyTramiteRequirements" name="test_admin_cannot_call" time="0.131" /><testcase classname="backend.tests.test_inbox_and_tramite.TestCompanyTramiteRequirements" name="test_company_gets_requirements" time="0.677" /></testsuite></testsuites>