<?xml version="1.0" encoding="utf-8"?><testsuites name="pytest tests"><testsuite name="pytest" errors="0" failures="0" skipped="0" tests="6" time="2.862" timestamp="2026-08-29T22:02:58.177560+00:00" hostname="agent-env-91444faf-dec0-4a73-9185-861c041db719"><testcase classname="backend.tests.test_company_doc_preview.TestCompanyDocPreview" name="test_upload_shows_in_list" time="1.040" /><testcase classname="backend.tests.test_company_doc_preview.TestCompanyDocPreview" name="test_preview_admin_200" time="0.283" /><testcase classname="backend.tests.test_company_doc_preview.TestCompanyDocPreview" name="test_download_admin_200" time="0.243" /><testcase classname="backend.tests.test_company_doc_preview.TestCompanyDocPreview" name="test_preview_staff_200" time="0.663" /><testcase classname="backend.tests.test_company_doc_preview.TestCompanyDocPreview" name="test_preview_unauth_401" time="0.113" /><testcase classname="backend.tests.test_company_doc_preview.TestCompanyDocPreview" name="test_preview_bad_id_404" time="0.442" /></testsuite></testsuites>