<?xml version="1.0" encoding="utf-8"?><testsuites name="pytest tests"><testsuite name="pytest" errors="0" failures="0" skipped="1" tests="11" time="42.041" timestamp="2026-09-16T14:21:12.162329+00:00" hostname="agent-env-91444faf-dec0-4a73-9185-861c041db719"><testcase classname="backend.tests.test_tareas_iter13.TestTaskAudio" name="test_upload_audio" time="3.409" /><testcase classname="backend.tests.test_tareas_iter13.TestTaskAudio" name="test_upload_audio_invalid_task" time="0.129" /><testcase classname="backend.tests.test_tareas_iter13.TestTaskAudio" name="test_list_audios" time="4.171" /><testcase classname="backend.tests.test_tareas_iter13.TestTaskAudio" name="test_stream_audio_returns_bytes" time="2.126" /><testcase classname="backend.tests.test_tareas_iter13.TestTaskAudio" name="test_stream_audio_requires_auth" time="0.469" /><testcase classname="backend.tests.test_tareas_iter13.TestTaskAudio" name="test_delete_audio" time="2.085" /><testcase classname="backend.tests.test_tareas_iter13.TestTaskAudio" name="test_get_task_includes_audios_array" time="1.464" /><testcase classname="backend.tests.test_tareas_iter13.TestTaskAudio" name="test_list_tasks_includes_audios_count" time="24.143" /><testcase classname="backend.tests.test_tareas_iter13.TestTaskReminders" name="test_check_now_admin_only" time="0.420"><skipped type="pytest.skip" message="Staff login failed: 401">/app/backend/tests/test_tareas_iter13.py:209: Staff login failed: 401</skipped></testcase><testcase classname="backend.tests.test_tareas_iter13.TestTaskReminders" name="test_check_now_admin_success" time="0.095" /><testcase classname="backend.tests.test_tareas_iter13.TestTaskReminders" name="test_reminder_creates_notification_for_assigned_user" time="3.437" /></testsuite></testsuites>