<?xml version="1.0" encoding="utf-8"?><testsuites name="pytest tests"><testsuite name="pytest" errors="0" failures="0" skipped="0" tests="11" time="3.319" timestamp="2026-09-08T10:24:43.414209+00:00" hostname="agent-env-91444faf-dec0-4a73-9185-861c041db719"><testcase classname="backend.tests.test_tareas_iter12" name="test_create_task_stores_numero_expediente" time="0.784" /><testcase classname="backend.tests.test_tareas_iter12" name="test_update_task_updates_numero_expediente" time="0.265" /><testcase classname="backend.tests.test_tareas_iter12" name="test_update_task_multiple_fields" time="0.247" /><testcase classname="backend.tests.test_tareas_iter12" name="test_upload_task_document" time="0.381" /><testcase classname="backend.tests.test_tareas_iter12" name="test_list_task_documents" time="0.121" /><testcase classname="backend.tests.test_tareas_iter12" name="test_task_get_includes_documents" time="0.144" /><testcase classname="backend.tests.test_tareas_iter12" name="test_download_task_document" time="0.278" /><testcase classname="backend.tests.test_tareas_iter12" name="test_send_task_documents_email" time="0.127" /><testcase classname="backend.tests.test_tareas_iter12" name="test_delete_task_document" time="0.253" /><testcase classname="backend.tests.test_tareas_iter12" name="test_add_comment_to_task" time="0.126" /><testcase classname="backend.tests.test_tareas_iter12" name="test_send_documents_on_task_with_no_docs_returns_400" time="0.508" /></testsuite></testsuites>