<?xml version="1.0" encoding="utf-8"?><testsuites name="pytest tests"><testsuite name="pytest" errors="0" failures="0" skipped="0" tests="9" time="4.678" timestamp="2026-09-01T18:10:27.580659+00:00" hostname="agent-env-91444faf-dec0-4a73-9185-861c041db719"><testcase classname="backend.tests.test_staff_permissions_iter10" name="test_logo_local_asset_reachable" time="0.606" /><testcase classname="backend.tests.test_staff_permissions_iter10" name="test_admin_login" time="0.375" /><testcase classname="backend.tests.test_staff_permissions_iter10" name="test_staff_list_company_documents" time="0.291" /><testcase classname="backend.tests.test_staff_permissions_iter10" name="test_staff_list_folders" time="0.228" /><testcase classname="backend.tests.test_staff_permissions_iter10" name="test_staff_upload_company_document" time="1.418" /><testcase classname="backend.tests.test_staff_permissions_iter10" name="test_staff_list_worker_documents" time="0.261" /><testcase classname="backend.tests.test_staff_permissions_iter10" name="test_staff_upload_worker_document" time="0.320" /><testcase classname="backend.tests.test_staff_permissions_iter10" name="test_admin_upload_company_document" time="0.863" /><testcase classname="backend.tests.test_staff_permissions_iter10" name="test_staff_forbidden_on_settings" time="0.176" /></testsuite></testsuites>