<?xml version="1.0" encoding="utf-8"?><testsuites name="pytest tests"><testsuite name="pytest" errors="0" failures="0" skipped="0" tests="10" time="6.131" timestamp="2026-08-27T22:36:55.233854+00:00" hostname="agent-env-91444faf-dec0-4a73-9185-861c041db719"><testcase classname="backend.tests.test_first_login_tutorial" name="test_existing_admin_no_force_pw_no_tutorial" time="0.655" /><testcase classname="backend.tests.test_first_login_tutorial" name="test_new_staff_login_returns_force_pw_and_no_tutorial" time="0.731" /><testcase classname="backend.tests.test_first_login_tutorial" name="test_change_password_clears_flag" time="1.679" /><testcase classname="backend.tests.test_first_login_tutorial" name="test_change_password_wrong_current_fails" time="0.789" /><testcase classname="backend.tests.test_first_login_tutorial" name="test_change_password_short_new_fails" time="0.537" /><testcase classname="backend.tests.test_first_login_tutorial" name="test_tutorial_seen_marks_flag" time="0.943" /><testcase classname="backend.tests.test_first_login_tutorial" name="test_tutorial_seen_requires_auth" time="0.180" /><testcase classname="backend.tests.test_first_login_tutorial" name="test_change_password_requires_auth" time="0.146" /><testcase classname="backend.tests.test_first_login_tutorial" name="test_create_staff_requires_admin" time="0.109" /><testcase classname="backend.tests.test_first_login_tutorial" name="test_create_staff_duplicate_email_returns_400" time="0.300" /></testsuite></testsuites>