<?xml version="1.0" encoding="utf-8"?><testsuites name="pytest tests"><testsuite name="pytest" errors="0" failures="0" skipped="0" tests="6" time="9.908" timestamp="2026-09-02T17:47:47.146916+00:00" hostname="agent-env-91444faf-dec0-4a73-9185-861c041db719"><testcase classname="backend.tests.test_upload_50mb_iter11" name="test_login" time="0.687" /><testcase classname="backend.tests.test_upload_50mb_iter11" name="test_upload_small_pdf" time="0.831" /><testcase classname="backend.tests.test_upload_50mb_iter11" name="test_upload_multiple_files" time="1.607" /><testcase classname="backend.tests.test_upload_50mb_iter11" name="test_upload_over_50mb_rejected" time="3.459" /><testcase classname="backend.tests.test_upload_50mb_iter11" name="test_upload_pdf_over_10mb_autocompressed" time="2.319" /><testcase classname="backend.tests.test_upload_50mb_iter11" name="test_create_folder_and_upload" time="0.941" /></testsuite></testsuites>