<?xml version="1.0" encoding="utf-8"?><testsuites name="pytest tests"><testsuite name="pytest" errors="0" failures="0" skipped="0" tests="16" time="4.685" timestamp="2026-05-10T12:27:36.829066+00:00" hostname="agent-env-91444faf-dec0-4a73-9185-861c041db719"><testcase classname="backend.tests.test_iteration4_features.TestCompanyLogin" name="test_company_login_success" time="0.371" /><testcase classname="backend.tests.test_iteration4_features.TestCompanyLogin" name="test_company_login_wrong_password" time="0.351" /><testcase classname="backend.tests.test_iteration4_features.TestCompanyCreatesWorkers" name="test_company_can_create_worker_with_extended_fields" time="0.511" /><testcase classname="backend.tests.test_iteration4_features.TestCompanyCreatesWorkers" name="test_company_can_list_workers" time="0.104" /><testcase classname="backend.tests.test_iteration4_features.TestCompanyCreatesWorkers" name="test_worker_extended_fields_persisted" time="0.115" /><testcase classname="backend.tests.test_iteration4_features.TestCompanyDocumentUpload" name="test_company_upload_regular_document" time="0.495" /><testcase classname="backend.tests.test_iteration4_features.TestCompanyDocumentUpload" name="test_company_upload_signed_document" time="0.509" /><testcase classname="backend.tests.test_iteration4_features.TestCompanyDocumentUpload" name="test_company_can_list_worker_documents" time="0.244" /><testcase classname="backend.tests.test_iteration4_features.TestDocumentReviewStatus" name="test_document_status_pending_by_default" time="0.557" /><testcase classname="backend.tests.test_iteration4_features.TestDocumentReviewStatus" name="test_admin_can_mark_document_reviewed" time="0.325" /><testcase classname="backend.tests.test_iteration4_features.TestDocumentReviewStatus" name="test_company_sees_reviewed_status" time="0.226" /><testcase classname="backend.tests.test_iteration4_features.TestAdminSignedDocuments" name="test_admin_signed_documents_endpoint" time="0.108" /><testcase classname="backend.tests.test_iteration4_features.TestAdminSignedDocuments" name="test_signed_documents_have_company_info" time="0.118" /><testcase classname="backend.tests.test_iteration4_features.TestAdminWorkerSignedCount" name="test_admin_company_detail_shows_signed_count" time="0.111" /><testcase classname="backend.tests.test_iteration4_features.TestCompanyDeleteWorker" name="test_company_can_delete_worker" time="0.339" /><testcase classname="backend.tests.test_iteration4_features.TestExistingWorkerExtendedFields" name="test_existing_worker_visible_to_company" time="0.103" /></testsuite></testsuites>