<?xml version="1.0" encoding="utf-8"?><testsuites name="pytest tests"><testsuite name="pytest" errors="0" failures="0" skipped="0" tests="19" time="7.290" timestamp="2026-05-10T11:49:08.111120+00:00" hostname="agent-env-91444faf-dec0-4a73-9185-861c041db719"><testcase classname="backend.tests.test_company_module.TestAdminAuth" name="test_admin_login_success" time="0.508" /><testcase classname="backend.tests.test_company_module.TestCompanyCRUD" name="test_create_company" time="0.701" /><testcase classname="backend.tests.test_company_module.TestCompanyCRUD" name="test_list_companies" time="0.106" /><testcase classname="backend.tests.test_company_module.TestCompanyCRUD" name="test_get_company_detail" time="0.231" /><testcase classname="backend.tests.test_company_module.TestCompanyCRUD" name="test_update_company" time="0.406" /><testcase classname="backend.tests.test_company_module.TestCompanyCRUD" name="test_duplicate_cif_rejected" time="0.108" /><testcase classname="backend.tests.test_company_module.TestCompanyWorkers" name="test_add_worker" time="0.303" /><testcase classname="backend.tests.test_company_module.TestCompanyWorkers" name="test_list_workers_in_company" time="0.229" /><testcase classname="backend.tests.test_company_module.TestCompanyWorkers" name="test_delete_worker" time="0.347" /><testcase classname="backend.tests.test_company_module.TestCompanyTramites" name="test_assign_tramite" time="0.253" /><testcase classname="backend.tests.test_company_module.TestCompanyTramites" name="test_update_tramite_status" time="0.336" /><testcase classname="backend.tests.test_company_module.TestCompanyTramites" name="test_delete_tramite" time="0.325" /><testcase classname="backend.tests.test_company_module.TestCompanyCredentials" name="test_send_credentials" time="0.273" /><testcase classname="backend.tests.test_company_module.TestCompanyLogin" name="test_company_login_success" time="0.539" /><testcase classname="backend.tests.test_company_module.TestCompanyLogin" name="test_company_login_wrong_password" time="0.550" /><testcase classname="backend.tests.test_company_module.TestCompanyLogin" name="test_company_login_wrong_cif" time="0.367" /><testcase classname="backend.tests.test_company_module.TestCompanyPanel" name="test_company_get_workers" time="0.659" /><testcase classname="backend.tests.test_company_module.TestCompanyPanel" name="test_company_get_tramites" time="0.706" /><testcase classname="backend.tests.test_company_module.TestCleanup" name="test_delete_test_company" time="0.249" /></testsuite></testsuites>