<?xml version="1.0" encoding="utf-8"?><testsuites name="pytest tests"><testsuite name="pytest" errors="0" failures="0" skipped="0" tests="19" time="3.245" timestamp="2026-08-27T22:19:08.355980+00:00" hostname="agent-env-91444faf-dec0-4a73-9185-861c041db719"><testcase classname="backend.tests.test_settings_presupuestos.TestMailgunSettings" name="test_get_mailgun" time="0.599" /><testcase classname="backend.tests.test_settings_presupuestos.TestMailgunSettings" name="test_put_mailgun_and_persist" time="0.139" /><testcase classname="backend.tests.test_settings_presupuestos.TestMailgunSettings" name="test_put_mailgun_masked_key_preserved" time="0.071" /><testcase classname="backend.tests.test_settings_presupuestos.TestMailgunSettings" name="test_mailgun_unauthorized" time="0.189" /><testcase classname="backend.tests.test_settings_presupuestos.TestCompanyInfo" name="test_get_company_info" time="0.075" /><testcase classname="backend.tests.test_settings_presupuestos.TestCompanyInfo" name="test_put_company_info_and_persist" time="0.174" /><testcase classname="backend.tests.test_settings_presupuestos.TestPresupuestos" name="test_next_number" time="0.070" /><testcase classname="backend.tests.test_settings_presupuestos.TestPresupuestos" name="test_create_presupuesto" time="0.148" /><testcase classname="backend.tests.test_settings_presupuestos.TestPresupuestos" name="test_list_presupuestos_sorted_desc" time="0.067" /><testcase classname="backend.tests.test_settings_presupuestos.TestPresupuestos" name="test_get_presupuesto_details" time="0.078" /><testcase classname="backend.tests.test_settings_presupuestos.TestPresupuestos" name="test_pdf_generation" time="0.389" /><testcase classname="backend.tests.test_settings_presupuestos.TestPresupuestos" name="test_create_iva_zero" time="0.206" /><testcase classname="backend.tests.test_settings_presupuestos.TestPresupuestos" name="test_create_iva_19" time="0.233" /><testcase classname="backend.tests.test_settings_presupuestos.TestPresupuestos" name="test_create_no_items_400" time="0.069" /><testcase classname="backend.tests.test_settings_presupuestos.TestPresupuestos" name="test_get_not_found" time="0.074" /><testcase classname="backend.tests.test_settings_presupuestos.TestPresupuestos" name="test_list_unauthorized" time="0.146" /><testcase classname="backend.tests.test_settings_presupuestos.TestPresupuestos" name="test_delete_presupuesto" time="0.137" /><testcase classname="backend.tests.test_settings_presupuestos.TestReminders" name="test_send_reminders_endpoint" time="0.077" /><testcase classname="backend.tests.test_settings_presupuestos.TestReminders" name="test_send_reminders_unauthorized" time="0.192" /></testsuite></testsuites>